2023-02-02 16:26:25,505 - DEBUG: Starting new HTTPS connection (1): paper-api.alpaca.markets:443
2023-02-02 16:26:26,485 - DEBUG: https://paper-api.alpaca.markets:443 "GET /v2/account HTTP/1.1" 200 925
2023-02-02 16:26:27,092 - DEBUG: https://paper-api.alpaca.markets:443 "GET /v2/orders?limit=100&status=open&nested=True HTTP/1.1" 200 2
2023-02-02 16:26:27,095 - INFO: List of open orders
2023-02-02 16:26:27,095 - INFO: []
2023-02-02 16:26:27,616 - DEBUG: https://paper-api.alpaca.markets:443 "DELETE /v2/orders HTTP/1.1" 207 2
2023-02-02 16:26:27,617 - INFO: closing orders complete
2023-02-02 16:26:27,901 - DEBUG: https://paper-api.alpaca.markets:443 "GET /v2/assets/TSLA HTTP/1.1" 200 282
2023-02-02 16:26:27,902 - INFO: Trader initialized with TSLA
2023-02-02 16:26:28,177 - DEBUG: https://paper-api.alpaca.markets:443 "GET /v2/positions/TSLA HTTP/1.1" 200 492
2023-02-02 16:26:28,177 - INFO: Position not found, this is good
2023-02-02 16:26:28,180 - DEBUG: Starting new HTTPS connection (1): query2.finance.yahoo.com:443
2023-02-02 16:26:28,511 - DEBUG: https://query2.finance.yahoo.com:443 "GET /v8/finance/chart/TSLA?range=5d&interval=15m&includePrePost=False&events=div%2Csplits%2CcapitalGains HTTP/1.1" 200 None
2023-02-02 16:26:28,628 - INFO: Trend detected for TSLA: short
2023-02-02 16:26:28,635 - DEBUG: Starting new HTTPS connection (1): query2.finance.yahoo.com:443
2023-02-02 16:26:28,982 - DEBUG: https://query2.finance.yahoo.com:443 "GET /v8/finance/chart/TSLA?range=1d&interval=5m&includePrePost=False&events=div%2Csplits%2CcapitalGains HTTP/1.1" 200 2667
2023-02-02 16:26:29,337 - DEBUG: https://paper-api.alpaca.markets:443 "GET /v2/account HTTP/1.1" 200 925
2023-02-02 16:26:29,337 - INFO: 
DESIRED ENTRY PRICE: 181.41
2023-02-02 16:26:29,613 - DEBUG: https://paper-api.alpaca.markets:443 "POST /v2/orders HTTP/1.1" 200 790
2023-02-02 16:26:44,311 - DEBUG: https://paper-api.alpaca.markets:443 "DELETE /v2/orders/cb247a82-38db-4390-a715-2174967a27c0 HTTP/1.1" 404 45
2023-02-02 16:29:10,841 - INFO: something i not working while cancelling waiting
2023-02-02 16:29:24,159 - DEBUG: Resetting dropped connection: paper-api.alpaca.markets
2023-02-02 16:29:24,876 - DEBUG: https://paper-api.alpaca.markets:443 "DELETE /v2/orders/cb247a82-38db-4390-a715-2174967a27c0 HTTP/1.1" 404 45
2023-02-02 16:29:32,921 - INFO: something i not working while cancelling waiting
2023-02-02 16:29:45,136 - DEBUG: https://paper-api.alpaca.markets:443 "DELETE /v2/orders/cb247a82-38db-4390-a715-2174967a27c0 HTTP/1.1" 404 45
2023-02-02 16:31:25,856 - INFO: something i not working while cancelling waiting
2023-02-02 16:31:34,279 - INFO: something i not working while cancelling waiting
