2023-01-31 10:23:10,766 - DEBUG: Starting new HTTPS connection (1): paper-api.alpaca.markets:443
2023-01-31 10:23:10,818 - DEBUG: Starting new HTTPS connection (1): paper-api.alpaca.markets:443
2023-01-31 10:23:11,497 - DEBUG: https://paper-api.alpaca.markets:443 "GET /v2/account HTTP/1.1" 200 880
2023-01-31 10:23:11,520 - DEBUG: https://paper-api.alpaca.markets:443 "GET /v2/account HTTP/1.1" 200 880
2023-01-31 10:23:11,730 - DEBUG: https://paper-api.alpaca.markets:443 "GET /v2/orders?limit=100&status=open&nested=True HTTP/1.1" 200 2
2023-01-31 10:23:11,730 - INFO: List of open orders
2023-01-31 10:23:11,740 - INFO: []
2023-01-31 10:23:11,753 - DEBUG: https://paper-api.alpaca.markets:443 "GET /v2/orders?limit=100&status=open&nested=True HTTP/1.1" 200 2
2023-01-31 10:23:11,753 - INFO: List of open orders
2023-01-31 10:23:11,754 - INFO: []
2023-01-31 10:23:11,970 - DEBUG: https://paper-api.alpaca.markets:443 "DELETE /v2/orders HTTP/1.1" 207 2
2023-01-31 10:23:11,970 - INFO: closing orders complete
2023-01-31 10:23:11,984 - DEBUG: https://paper-api.alpaca.markets:443 "DELETE /v2/orders HTTP/1.1" 207 2
2023-01-31 10:23:11,984 - INFO: closing orders complete
2023-01-31 10:23:12,200 - DEBUG: https://paper-api.alpaca.markets:443 "GET /v2/assets/TSLA HTTP/1.1" 200 282
2023-01-31 10:23:12,200 - INFO: Trader initialized with TSLA
2023-01-31 10:23:12,217 - DEBUG: https://paper-api.alpaca.markets:443 "GET /v2/assets/TSLA HTTP/1.1" 200 282
2023-01-31 10:23:12,218 - INFO: Trader initialized with TSLA
2023-01-31 10:23:12,433 - DEBUG: https://paper-api.alpaca.markets:443 "GET /v2/positions/TSLA HTTP/1.1" 404 53
2023-01-31 10:23:12,434 - INFO: Position not found, this is good
2023-01-31 10:23:12,449 - DEBUG: https://paper-api.alpaca.markets:443 "GET /v2/positions/TSLA HTTP/1.1" 404 53
2023-01-31 10:23:12,449 - INFO: Position not found, this is good
