2023-02-01 13:27:05,785 - DEBUG: Starting new HTTPS connection (1): paper-api.alpaca.markets:443
2023-02-01 13:27:06,546 - DEBUG: https://paper-api.alpaca.markets:443 "GET /v2/account HTTP/1.1" 200 906
2023-02-01 13:27:06,793 - DEBUG: https://paper-api.alpaca.markets:443 "GET /v2/orders?limit=100&status=open&nested=True HTTP/1.1" 200 789
2023-02-01 13:27:06,794 - INFO: List of open orders
2023-02-01 13:27:06,795 - INFO: [Order({   'asset_class': 'us_equity',
    'asset_id': '8ccae427-5dd0-45b3-b5fe-7ba5e422c766',
    'canceled_at': None,
    'client_order_id': '11e2aad0-8972-456a-a008-377d7d24a487',
    'created_at': '2023-02-01T03:22:08.681230396Z',
    'expired_at': None,
    'extended_hours': False,
    'failed_at': None,
    'filled_at': None,
    'filled_avg_price': None,
    'filled_qty': '0',
    'hwm': None,
    'id': 'f6bfb412-0724-4873-b6bb-4b073e8b6cd7',
    'legs': None,
    'limit_price': '156',
    'notional': None,
    'order_class': '',
    'order_type': 'limit',
    'qty': '5',
    'replaced_at': None,
    'replaced_by': None,
    'replaces': None,
    'side': 'sell',
    'source': None,
    'status': 'accepted',
    'stop_price': None,
    'submitted_at': '2023-02-01T03:22:08.680465687Z',
    'subtag': None,
    'symbol': 'TSLA',
    'time_in_force': 'gtc',
    'trail_percent': None,
    'trail_price': None,
    'type': 'limit',
    'updated_at': '2023-02-01T03:22:08.681230396Z'})]
2023-02-01 13:27:06,809 - INFO: Order f6bfb412-0724-4873-b6bb-4b073e8b6cd7 closed
2023-02-01 13:27:07,043 - DEBUG: https://paper-api.alpaca.markets:443 "DELETE /v2/orders HTTP/1.1" 207 60
2023-02-01 13:27:07,044 - INFO: closing orders complete
2023-02-01 13:27:07,273 - DEBUG: https://paper-api.alpaca.markets:443 "GET /v2/assets/TSLA HTTP/1.1" 200 282
2023-02-01 13:27:07,274 - INFO: Trader initialized with TSLA
2023-02-01 13:27:07,509 - DEBUG: https://paper-api.alpaca.markets:443 "GET /v2/positions/TSLA HTTP/1.1" 404 53
2023-02-01 13:27:07,510 - INFO: Position not found, this is good
2023-02-01 13:27:07,512 - DEBUG: Starting new HTTPS connection (1): query2.finance.yahoo.com:443
2023-02-01 13:27:07,756 - DEBUG: https://query2.finance.yahoo.com:443 "GET /v8/finance/chart/TSLA?range=5d&interval=15m&includePrePost=False&events=div%2Csplits%2CcapitalGains HTTP/1.1" 200 None
2023-02-01 13:27:07,878 - INFO: Trend detected for TSLA: short
2023-02-01 13:27:07,880 - DEBUG: Starting new HTTPS connection (1): query2.finance.yahoo.com:443
2023-02-01 13:27:08,102 - DEBUG: https://query2.finance.yahoo.com:443 "GET /v8/finance/chart/TSLA?range=1d&interval=5m&includePrePost=False&events=div%2Csplits%2CcapitalGains HTTP/1.1" 200 2580
2023-02-01 13:27:08,361 - DEBUG: https://paper-api.alpaca.markets:443 "GET /v2/account HTTP/1.1" 200 880
2023-02-01 13:27:08,366 - INFO: 
DESIRED ENTRY PRICE: 173.22
2023-02-01 13:27:08,593 - DEBUG: https://paper-api.alpaca.markets:443 "POST /v2/orders HTTP/1.1" 200 787
