2023-02-02 17:22:06,829 - DEBUG: Starting new HTTPS connection (1): paper-api.alpaca.markets:443
2023-02-02 17:22:07,667 - DEBUG: https://paper-api.alpaca.markets:443 "GET /v2/account HTTP/1.1" 200 925
2023-02-02 17:22:07,975 - DEBUG: https://paper-api.alpaca.markets:443 "GET /v2/orders?limit=100&status=open&nested=True HTTP/1.1" 200 2
2023-02-02 17:22:07,975 - INFO: List of open orders
2023-02-02 17:22:07,975 - INFO: []
2023-02-02 17:22:08,209 - DEBUG: https://paper-api.alpaca.markets:443 "DELETE /v2/orders HTTP/1.1" 207 2
2023-02-02 17:22:08,209 - INFO: closing orders complete
2023-02-02 17:22:08,455 - DEBUG: https://paper-api.alpaca.markets:443 "GET /v2/assets/TSLA HTTP/1.1" 200 282
2023-02-02 17:22:08,455 - INFO: Trader initialized with TSLA
2023-02-02 17:22:08,788 - DEBUG: https://paper-api.alpaca.markets:443 "GET /v2/positions/TSLA HTTP/1.1" 200 492
2023-02-02 17:22:08,788 - INFO: Position not found, this is good
2023-02-02 17:22:08,797 - DEBUG: Starting new HTTPS connection (1): query2.finance.yahoo.com:443
2023-02-02 17:22:09,292 - DEBUG: https://query2.finance.yahoo.com:443 "GET /v8/finance/chart/TSLA?range=5d&interval=15m&includePrePost=False&events=div%2Csplits%2CcapitalGains HTTP/1.1" 200 None
2023-02-02 17:22:09,528 - INFO: Trend detected for TSLA: short
2023-02-02 17:22:09,539 - DEBUG: Starting new HTTPS connection (1): query2.finance.yahoo.com:443
2023-02-02 17:22:09,815 - DEBUG: https://query2.finance.yahoo.com:443 "GET /v8/finance/chart/TSLA?range=1d&interval=5m&includePrePost=False&events=div%2Csplits%2CcapitalGains HTTP/1.1" 200 2677
2023-02-02 17:22:10,215 - DEBUG: https://paper-api.alpaca.markets:443 "GET /v2/account HTTP/1.1" 200 925
2023-02-02 17:22:10,230 - INFO: 
DESIRED ENTRY PRICE: 181.41
2023-02-02 17:22:10,522 - DEBUG: https://paper-api.alpaca.markets:443 "POST /v2/orders HTTP/1.1" 200 790
2023-02-02 17:22:39,296 - DEBUG: https://paper-api.alpaca.markets:443 "GET /v2/positions/TSLA HTTP/1.1" 200 492
2023-02-02 17:22:39,311 - INFO: Waiting for position to be found
2023-02-02 17:22:44,620 - DEBUG: https://paper-api.alpaca.markets:443 "GET /v2/positions/TSLA HTTP/1.1" 200 492
2023-02-02 17:22:44,620 - INFO: Waiting for position to be found
2023-02-02 17:22:49,953 - DEBUG: https://paper-api.alpaca.markets:443 "GET /v2/positions/TSLA HTTP/1.1" 200 492
2023-02-02 17:22:49,953 - INFO: Waiting for position to be found
2023-02-02 17:22:55,199 - DEBUG: https://paper-api.alpaca.markets:443 "GET /v2/positions/TSLA HTTP/1.1" 200 492
2023-02-02 17:22:55,199 - INFO: Waiting for position to be found
2023-02-02 17:23:00,218 - INFO: Position not found
