2023-02-02 16:23:55,967 - DEBUG: Starting new HTTPS connection (1): paper-api.alpaca.markets:443
2023-02-02 16:23:56,723 - DEBUG: https://paper-api.alpaca.markets:443 "GET /v2/account HTTP/1.1" 200 925
2023-02-02 16:23:56,970 - DEBUG: https://paper-api.alpaca.markets:443 "GET /v2/orders?limit=100&status=open&nested=True HTTP/1.1" 200 2
2023-02-02 16:23:56,971 - INFO: List of open orders
2023-02-02 16:23:56,971 - INFO: []
2023-02-02 16:23:57,217 - DEBUG: https://paper-api.alpaca.markets:443 "DELETE /v2/orders HTTP/1.1" 207 2
2023-02-02 16:23:57,218 - INFO: closing orders complete
2023-02-02 16:23:57,480 - DEBUG: https://paper-api.alpaca.markets:443 "GET /v2/assets/TSLA HTTP/1.1" 200 282
2023-02-02 16:23:57,481 - INFO: Trader initialized with TSLA
2023-02-02 16:23:57,747 - DEBUG: https://paper-api.alpaca.markets:443 "GET /v2/positions/TSLA HTTP/1.1" 200 492
2023-02-02 16:23:57,749 - INFO: Position not found, this is good
2023-02-02 16:23:57,750 - DEBUG: Starting new HTTPS connection (1): query2.finance.yahoo.com:443
2023-02-02 16:23:58,458 - DEBUG: https://query2.finance.yahoo.com:443 "GET /v8/finance/chart/TSLA?range=5d&interval=15m&includePrePost=False&events=div%2Csplits%2CcapitalGains HTTP/1.1" 200 None
2023-02-02 16:23:58,597 - INFO: Trend detected for TSLA: short
2023-02-02 16:23:58,600 - DEBUG: Starting new HTTPS connection (1): query2.finance.yahoo.com:443
2023-02-02 16:23:59,028 - DEBUG: https://query2.finance.yahoo.com:443 "GET /v8/finance/chart/TSLA?range=1d&interval=5m&includePrePost=False&events=div%2Csplits%2CcapitalGains HTTP/1.1" 200 2667
2023-02-02 16:23:59,308 - DEBUG: https://paper-api.alpaca.markets:443 "GET /v2/account HTTP/1.1" 200 925
2023-02-02 16:23:59,308 - INFO: 
DESIRED ENTRY PRICE: 181.41
2023-02-02 16:23:59,616 - DEBUG: https://paper-api.alpaca.markets:443 "POST /v2/orders HTTP/1.1" 200 790
2023-02-02 16:24:07,891 - DEBUG: https://paper-api.alpaca.markets:443 "DELETE /v2/orders/518596af-7f6b-4bc4-80c4-22aa3d9f2049 HTTP/1.1" 404 45
