2023-01-31 17:54:34,675 - DEBUG: Starting new HTTPS connection (1): paper-api.alpaca.markets:443
2023-01-31 17:54:35,451 - DEBUG: https://paper-api.alpaca.markets:443 "GET /v2/account HTTP/1.1" 200 880
2023-01-31 17:54:35,684 - DEBUG: https://paper-api.alpaca.markets:443 "GET /v2/orders?limit=100&status=open&nested=True HTTP/1.1" 200 2
2023-01-31 17:54:35,685 - INFO: List of open orders
2023-01-31 17:54:35,686 - INFO: []
2023-01-31 17:54:35,915 - DEBUG: https://paper-api.alpaca.markets:443 "DELETE /v2/orders HTTP/1.1" 207 2
2023-01-31 17:54:35,916 - INFO: closing orders complete
2023-01-31 17:54:36,159 - DEBUG: https://paper-api.alpaca.markets:443 "GET /v2/assets/TSLA HTTP/1.1" 200 282
2023-01-31 17:54:36,161 - INFO: Trader initialized with TSLA
2023-01-31 17:54:36,397 - DEBUG: https://paper-api.alpaca.markets:443 "GET /v2/positions/TSLA HTTP/1.1" 404 53
2023-01-31 17:54:36,397 - INFO: Position not found, this is good
2023-01-31 17:54:36,399 - DEBUG: Starting new HTTPS connection (1): query2.finance.yahoo.com:443
2023-01-31 17:54:36,662 - DEBUG: https://query2.finance.yahoo.com:443 "GET /v8/finance/chart/TSLA?range=5d&interval=15m&includePrePost=False&events=div%2Csplits%2CcapitalGains HTTP/1.1" 200 None
2023-01-31 17:54:36,765 - INFO: Trend detected for TSLA: short
2023-01-31 17:54:36,777 - DEBUG: Starting new HTTPS connection (1): query2.finance.yahoo.com:443
2023-01-31 17:54:36,983 - DEBUG: https://query2.finance.yahoo.com:443 "GET /v8/finance/chart/TSLA?range=1d&interval=5m&includePrePost=False&events=div%2Csplits%2CcapitalGains HTTP/1.1" 200 2584
2023-01-31 17:54:37,023 - INFO: TSLA instant trend EMAs = [167.60,168.77,169.95]
2023-01-31 17:54:37,024 - INFO: Trend detected for TSLA: short
2023-01-31 17:55:00,776 - DEBUG: Starting new HTTPS connection (1): query2.finance.yahoo.com:443
2023-01-31 17:55:01,007 - DEBUG: https://query2.finance.yahoo.com:443 "GET /v8/finance/chart/TSLA?range=1d&interval=5m&includePrePost=False&events=div%2Csplits%2CcapitalGains HTTP/1.1" 200 2595
2023-01-31 22:29:59,277 - ERROR: Something went wrong with rsi
2023-01-31 22:29:59,280 - ERROR: 
