2023-01-31 22:30:04,979 - DEBUG: Starting new HTTPS connection (1): paper-api.alpaca.markets:443
2023-01-31 22:30:05,820 - DEBUG: https://paper-api.alpaca.markets:443 "GET /v2/account HTTP/1.1" 200 880
2023-01-31 22:30:06,054 - DEBUG: https://paper-api.alpaca.markets:443 "GET /v2/orders?limit=100&status=open&nested=True HTTP/1.1" 200 2
2023-01-31 22:30:06,055 - INFO: List of open orders
2023-01-31 22:30:06,056 - INFO: []
2023-01-31 22:30:06,287 - DEBUG: https://paper-api.alpaca.markets:443 "DELETE /v2/orders HTTP/1.1" 207 2
2023-01-31 22:30:06,288 - INFO: closing orders complete
2023-01-31 22:30:06,531 - DEBUG: https://paper-api.alpaca.markets:443 "GET /v2/assets/TSLA HTTP/1.1" 200 282
2023-01-31 22:30:06,532 - INFO: Trader initialized with TSLA
2023-01-31 22:30:06,763 - DEBUG: https://paper-api.alpaca.markets:443 "GET /v2/positions/TSLA HTTP/1.1" 404 53
2023-01-31 22:30:06,764 - INFO: Position not found, this is good
2023-01-31 22:30:06,766 - DEBUG: Starting new HTTPS connection (1): query2.finance.yahoo.com:443
2023-01-31 22:30:07,044 - DEBUG: https://query2.finance.yahoo.com:443 "GET /v8/finance/chart/TSLA?range=5d&interval=15m&includePrePost=False&events=div%2Csplits%2CcapitalGains HTTP/1.1" 200 None
2023-01-31 22:30:46,696 - INFO: Trend detected for TSLA: short
2023-01-31 22:31:19,747 - DEBUG: Starting new HTTPS connection (1): query2.finance.yahoo.com:443
2023-01-31 22:31:20,027 - DEBUG: https://query2.finance.yahoo.com:443 "GET /v8/finance/chart/TSLA?range=1d&interval=5m&includePrePost=False&events=div%2Csplits%2CcapitalGains HTTP/1.1" 200 2602
2023-01-31 22:31:20,088 - INFO: TSLA instant trend EMAs = [167.60,168.77,169.95]
2023-01-31 22:31:20,088 - INFO: Trend detected for TSLA: short
2023-01-31 22:31:30,010 - DEBUG: Starting new HTTPS connection (1): query2.finance.yahoo.com:443
2023-01-31 22:31:30,132 - DEBUG: https://query2.finance.yahoo.com:443 "GET /v8/finance/chart/TSLA?range=1d&interval=5m&includePrePost=False&events=div%2Csplits%2CcapitalGains HTTP/1.1" 200 2602
2023-01-31 22:31:30,191 - ERROR: Something went wrong with rsi
2023-01-31 22:31:30,191 - ERROR: The truth value of an array with more than one element is ambiguous. Use a.any() or a.all()
