2023-02-02 17:19:59,698 - DEBUG: Starting new HTTPS connection (1): paper-api.alpaca.markets:443
2023-02-02 17:20:00,691 - DEBUG: https://paper-api.alpaca.markets:443 "GET /v2/account HTTP/1.1" 200 925
2023-02-02 17:20:00,929 - DEBUG: https://paper-api.alpaca.markets:443 "GET /v2/orders?limit=100&status=open&nested=True HTTP/1.1" 200 2
2023-02-02 17:20:00,932 - INFO: List of open orders
2023-02-02 17:20:00,932 - INFO: []
2023-02-02 17:20:01,160 - DEBUG: https://paper-api.alpaca.markets:443 "DELETE /v2/orders HTTP/1.1" 207 2
2023-02-02 17:20:01,168 - INFO: closing orders complete
2023-02-02 17:20:01,409 - DEBUG: https://paper-api.alpaca.markets:443 "GET /v2/assets/TSLA HTTP/1.1" 200 282
2023-02-02 17:20:01,409 - INFO: Trader initialized with TSLA
2023-02-02 17:20:01,715 - DEBUG: https://paper-api.alpaca.markets:443 "GET /v2/positions/TSLA HTTP/1.1" 200 492
2023-02-02 17:20:01,715 - INFO: Position not found, this is good
2023-02-02 17:20:01,718 - DEBUG: Starting new HTTPS connection (1): query2.finance.yahoo.com:443
2023-02-02 17:20:02,041 - DEBUG: https://query2.finance.yahoo.com:443 "GET /v8/finance/chart/TSLA?range=5d&interval=15m&includePrePost=False&events=div%2Csplits%2CcapitalGains HTTP/1.1" 200 None
2023-02-02 17:20:02,265 - INFO: Trend detected for TSLA: short
2023-02-02 17:20:02,265 - DEBUG: Starting new HTTPS connection (1): query2.finance.yahoo.com:443
2023-02-02 17:20:02,524 - DEBUG: https://query2.finance.yahoo.com:443 "GET /v8/finance/chart/TSLA?range=1d&interval=5m&includePrePost=False&events=div%2Csplits%2CcapitalGains HTTP/1.1" 200 2667
2023-02-02 17:20:02,849 - DEBUG: https://paper-api.alpaca.markets:443 "GET /v2/account HTTP/1.1" 200 925
2023-02-02 17:20:02,849 - INFO: 
DESIRED ENTRY PRICE: 181.41
2023-02-02 17:20:03,147 - DEBUG: https://paper-api.alpaca.markets:443 "POST /v2/orders HTTP/1.1" 200 786
2023-02-02 17:20:03,447 - DEBUG: https://paper-api.alpaca.markets:443 "GET /v2/positions/TSLA HTTP/1.1" 200 492
2023-02-02 17:20:03,447 - INFO: Waiting for position to be found
2023-02-02 17:20:08,769 - DEBUG: https://paper-api.alpaca.markets:443 "GET /v2/positions/TSLA HTTP/1.1" 200 492
2023-02-02 17:20:08,784 - INFO: Waiting for position to be found
2023-02-02 17:20:14,095 - DEBUG: https://paper-api.alpaca.markets:443 "GET /v2/positions/TSLA HTTP/1.1" 200 492
2023-02-02 17:20:14,095 - INFO: Waiting for position to be found
2023-02-02 17:20:19,429 - DEBUG: https://paper-api.alpaca.markets:443 "GET /v2/positions/TSLA HTTP/1.1" 200 492
2023-02-02 17:20:19,429 - INFO: Waiting for position to be found
2023-02-02 17:20:24,443 - INFO: Position not found
2023-02-02 17:20:28,957 - DEBUG: https://paper-api.alpaca.markets:443 "DELETE /v2/orders/5f2bbccd-0bf1-4d5e-9be0-5f65b0ce93b2 HTTP/1.1" 204 0
2023-02-02 17:20:37,539 - INFO: Order cancelled
2023-02-02 17:20:43,798 - DEBUG: https://paper-api.alpaca.markets:443 "GET /v2/positions/TSLA HTTP/1.1" 200 492
2023-02-02 17:20:43,801 - INFO: Position not found, this is good
