2023-01-31 17:53:19,998 - DEBUG: Starting new HTTPS connection (1): paper-api.alpaca.markets:443
2023-01-31 17:53:20,762 - DEBUG: https://paper-api.alpaca.markets:443 "GET /v2/account HTTP/1.1" 200 880
2023-01-31 17:53:20,999 - DEBUG: https://paper-api.alpaca.markets:443 "GET /v2/orders?limit=100&status=open&nested=True HTTP/1.1" 200 2
2023-01-31 17:53:21,001 - INFO: List of open orders
2023-01-31 17:53:21,002 - INFO: []
2023-01-31 17:53:21,230 - DEBUG: https://paper-api.alpaca.markets:443 "DELETE /v2/orders HTTP/1.1" 207 2
2023-01-31 17:53:21,231 - INFO: closing orders complete
2023-01-31 17:53:21,470 - DEBUG: https://paper-api.alpaca.markets:443 "GET /v2/assets/TSLA HTTP/1.1" 200 282
2023-01-31 17:53:21,471 - INFO: Trader initialized with TSLA
2023-01-31 17:53:21,700 - DEBUG: https://paper-api.alpaca.markets:443 "GET /v2/positions/TSLA HTTP/1.1" 404 53
2023-01-31 17:53:21,700 - INFO: Position not found, this is good
2023-01-31 17:53:21,703 - DEBUG: Starting new HTTPS connection (1): query2.finance.yahoo.com:443
2023-01-31 17:53:22,194 - DEBUG: https://query2.finance.yahoo.com:443 "GET /v8/finance/chart/TSLA?range=5d&interval=15m&includePrePost=False&events=div%2Csplits%2CcapitalGains HTTP/1.1" 200 None
2023-01-31 17:53:22,312 - INFO: Trend detected for TSLA: short
2023-01-31 17:53:22,315 - DEBUG: Starting new HTTPS connection (1): query2.finance.yahoo.com:443
2023-01-31 17:53:22,518 - DEBUG: https://query2.finance.yahoo.com:443 "GET /v8/finance/chart/TSLA?range=1d&interval=5m&includePrePost=False&events=div%2Csplits%2CcapitalGains HTTP/1.1" 200 2593
2023-01-31 17:53:22,539 - INFO: TSLA instant trend EMAs = [167.60,168.77,169.95]
2023-01-31 17:53:22,539 - INFO: Trend detected for TSLA: short
2023-01-31 17:53:22,557 - DEBUG: Starting new HTTPS connection (1): query2.finance.yahoo.com:443
2023-01-31 17:53:22,778 - DEBUG: https://query2.finance.yahoo.com:443 "GET /v8/finance/chart/TSLA?range=1d&interval=5m&includePrePost=False&events=div%2Csplits%2CcapitalGains HTTP/1.1" 200 2598
2023-01-31 17:53:22,806 - ERROR: Something went wrong with rsi
2023-01-31 17:53:22,806 - ERROR: The truth value of an array with more than one element is ambiguous. Use a.any() or a.all()
