2023-01-31 12:02:35,342 - DEBUG: Starting new HTTPS connection (1): paper-api.alpaca.markets:443
2023-01-31 12:02:36,069 - DEBUG: https://paper-api.alpaca.markets:443 "GET /v2/account HTTP/1.1" 200 880
2023-01-31 12:02:36,287 - DEBUG: https://paper-api.alpaca.markets:443 "GET /v2/orders?limit=100&status=open&nested=True HTTP/1.1" 200 2
2023-01-31 12:02:36,287 - INFO: List of open orders
2023-01-31 12:02:36,302 - INFO: []
2023-01-31 12:02:36,535 - DEBUG: https://paper-api.alpaca.markets:443 "DELETE /v2/orders HTTP/1.1" 207 2
2023-01-31 12:02:36,535 - INFO: closing orders complete
2023-01-31 12:02:36,764 - DEBUG: https://paper-api.alpaca.markets:443 "GET /v2/assets/TSLA HTTP/1.1" 200 282
2023-01-31 12:02:36,764 - INFO: Trader initialized with TSLA
2023-01-31 12:02:36,995 - DEBUG: https://paper-api.alpaca.markets:443 "GET /v2/positions/TSLA HTTP/1.1" 404 53
2023-01-31 12:02:36,995 - INFO: Position not found, this is good
2023-01-31 12:02:36,997 - DEBUG: Starting new HTTPS connection (1): query2.finance.yahoo.com:443
2023-01-31 12:02:37,211 - DEBUG: https://query2.finance.yahoo.com:443 "GET /v8/finance/chart/TSLA?range=30m&interval=5d&includePrePost=False&events=div%2Csplits%2CcapitalGains HTTP/1.1" 200 934
2023-01-31 12:02:37,307 - INFO: Trend not cl ear for TSLA: short
2023-01-31 12:03:37,311 - DEBUG: Starting new HTTPS connection (1): query2.finance.yahoo.com:443
2023-01-31 12:03:37,523 - DEBUG: https://query2.finance.yahoo.com:443 "GET /v8/finance/chart/TSLA?range=30m&interval=5d&includePrePost=False&events=div%2Csplits%2CcapitalGains HTTP/1.1" 200 934
2023-01-31 12:03:37,559 - INFO: Trend not cl ear for TSLA: short
2023-01-31 12:04:37,575 - DEBUG: Starting new HTTPS connection (1): query2.finance.yahoo.com:443
2023-01-31 12:04:38,024 - DEBUG: https://query2.finance.yahoo.com:443 "GET /v8/finance/chart/TSLA?range=30m&interval=5d&includePrePost=False&events=div%2Csplits%2CcapitalGains HTTP/1.1" 200 934
2023-01-31 12:04:38,036 - INFO: Trend not cl ear for TSLA: short
2023-01-31 12:05:38,043 - DEBUG: Starting new HTTPS connection (1): query2.finance.yahoo.com:443
2023-01-31 12:05:38,443 - DEBUG: https://query2.finance.yahoo.com:443 "GET /v8/finance/chart/TSLA?range=30m&interval=5d&includePrePost=False&events=div%2Csplits%2CcapitalGains HTTP/1.1" 200 934
2023-01-31 12:05:38,477 - INFO: Trend not cl ear for TSLA: short
2023-01-31 12:06:38,488 - DEBUG: Starting new HTTPS connection (1): query2.finance.yahoo.com:443
2023-01-31 12:06:38,717 - DEBUG: https://query2.finance.yahoo.com:443 "GET /v8/finance/chart/TSLA?range=30m&interval=5d&includePrePost=False&events=div%2Csplits%2CcapitalGains HTTP/1.1" 200 934
2023-01-31 12:06:38,746 - INFO: Trend not cl ear for TSLA: short
2023-01-31 12:07:38,757 - DEBUG: Starting new HTTPS connection (1): query2.finance.yahoo.com:443
2023-01-31 12:07:39,015 - DEBUG: https://query2.finance.yahoo.com:443 "GET /v8/finance/chart/TSLA?range=30m&interval=5d&includePrePost=False&events=div%2Csplits%2CcapitalGains HTTP/1.1" 200 934
2023-01-31 12:07:39,039 - INFO: Trend not cl ear for TSLA: short
2023-01-31 12:08:39,050 - DEBUG: Starting new HTTPS connection (1): query2.finance.yahoo.com:443
2023-01-31 12:08:39,351 - DEBUG: https://query2.finance.yahoo.com:443 "GET /v8/finance/chart/TSLA?range=30m&interval=5d&includePrePost=False&events=div%2Csplits%2CcapitalGains HTTP/1.1" 200 934
2023-01-31 12:08:39,359 - INFO: Trend not cl ear for TSLA: short
2023-01-31 12:09:39,366 - DEBUG: Starting new HTTPS connection (1): query2.finance.yahoo.com:443
2023-01-31 12:09:39,603 - DEBUG: https://query2.finance.yahoo.com:443 "GET /v8/finance/chart/TSLA?range=30m&interval=5d&includePrePost=False&events=div%2Csplits%2CcapitalGains HTTP/1.1" 200 934
2023-01-31 12:09:39,635 - INFO: Trend not cl ear for TSLA: short
2023-01-31 12:10:39,641 - DEBUG: Starting new HTTPS connection (1): query2.finance.yahoo.com:443
2023-01-31 12:10:40,155 - DEBUG: https://query2.finance.yahoo.com:443 "GET /v8/finance/chart/TSLA?range=30m&interval=5d&includePrePost=False&events=div%2Csplits%2CcapitalGains HTTP/1.1" 200 934
2023-01-31 12:10:40,197 - INFO: Trend not cl ear for TSLA: short
2023-01-31 12:11:40,199 - DEBUG: Starting new HTTPS connection (1): query2.finance.yahoo.com:443
2023-01-31 12:11:40,433 - DEBUG: https://query2.finance.yahoo.com:443 "GET /v8/finance/chart/TSLA?range=30m&interval=5d&includePrePost=False&events=div%2Csplits%2CcapitalGains HTTP/1.1" 200 934
2023-01-31 12:11:40,465 - INFO: Trend not cl ear for TSLA: short
2023-01-31 12:12:40,475 - DEBUG: Starting new HTTPS connection (1): query2.finance.yahoo.com:443
2023-01-31 12:12:40,703 - DEBUG: https://query2.finance.yahoo.com:443 "GET /v8/finance/chart/TSLA?range=30m&interval=5d&includePrePost=False&events=div%2Csplits%2CcapitalGains HTTP/1.1" 200 934
2023-01-31 12:12:40,716 - INFO: Trend not detected for TSLA
2023-01-31 12:12:40,716 - INFO: No general trend found
2023-01-31 12:12:40,716 - INFO: Trading unsuccesful
