2023-02-02 23:15:10,691 - DEBUG: Starting new HTTPS connection (1): paper-api.alpaca.markets:443
2023-02-02 23:15:11,413 - DEBUG: https://paper-api.alpaca.markets:443 "GET /v2/account HTTP/1.1" 200 930
2023-02-02 23:15:11,642 - DEBUG: https://paper-api.alpaca.markets:443 "GET /v2/orders?limit=100&status=open&nested=True HTTP/1.1" 200 786
2023-02-02 23:15:11,642 - INFO: List of open orders
2023-02-02 23:15:11,642 - INFO: [Order({   'asset_class': 'us_equity',
    'asset_id': '8ccae427-5dd0-45b3-b5fe-7ba5e422c766',
    'canceled_at': None,
    'client_order_id': '9e6e6b69-fcc4-43c9-9d45-86e9f3241431',
    'created_at': '2023-02-02T13:12:57.52443661Z',
    'expired_at': None,
    'extended_hours': False,
    'failed_at': None,
    'filled_at': None,
    'filled_avg_price': None,
    'filled_qty': '0',
    'hwm': None,
    'id': 'd5c0722c-1e39-4933-8e57-1fe5bb6c6252',
    'legs': None,
    'limit_price': '175.97',
    'notional': None,
    'order_class': '',
    'order_type': 'limit',
    'qty': '5',
    'replaced_at': None,
    'replaced_by': None,
    'replaces': None,
    'side': 'sell',
    'source': None,
    'status': 'new',
    'stop_price': None,
    'submitted_at': '2023-02-02T13:12:57.531457306Z',
    'subtag': None,
    'symbol': 'TSLA',
    'time_in_force': 'gtc',
    'trail_percent': None,
    'trail_price': None,
    'type': 'limit',
    'updated_at': '2023-02-02T13:12:57.532648628Z'})]
2023-02-02 23:15:11,651 - INFO: Order d5c0722c-1e39-4933-8e57-1fe5bb6c6252 closed
2023-02-02 23:15:11,932 - DEBUG: https://paper-api.alpaca.markets:443 "DELETE /v2/orders HTTP/1.1" 207 60
2023-02-02 23:15:11,933 - INFO: closing orders complete
2023-02-02 23:15:12,165 - DEBUG: https://paper-api.alpaca.markets:443 "GET /v2/assets/TSLA HTTP/1.1" 200 282
2023-02-02 23:15:12,166 - INFO: Trader initialized with TSLA
2023-02-02 23:15:12,398 - DEBUG: https://paper-api.alpaca.markets:443 "GET /v2/positions/TSLA HTTP/1.1" 200 488
2023-02-02 23:15:12,399 - INFO: Position not found, this is good
2023-02-02 23:15:12,401 - DEBUG: Starting new HTTPS connection (1): query2.finance.yahoo.com:443
2023-02-02 23:15:12,629 - DEBUG: https://query2.finance.yahoo.com:443 "GET /v8/finance/chart/TSLA?range=5d&interval=15m&includePrePost=False&events=div%2Csplits%2CcapitalGains HTTP/1.1" 200 None
2023-02-02 23:15:12,743 - INFO: Trend detected for TSLA: short
2023-02-02 23:15:12,745 - DEBUG: Starting new HTTPS connection (1): query2.finance.yahoo.com:443
2023-02-02 23:15:13,291 - DEBUG: https://query2.finance.yahoo.com:443 "GET /v8/finance/chart/TSLA?range=1d&interval=5m&includePrePost=False&events=div%2Csplits%2CcapitalGains HTTP/1.1" 200 2683
2023-02-02 23:15:13,557 - DEBUG: https://paper-api.alpaca.markets:443 "GET /v2/account HTTP/1.1" 200 923
2023-02-02 23:15:13,557 - INFO: 
DESIRED ENTRY PRICE: 181.41
2023-02-02 23:15:13,796 - DEBUG: https://paper-api.alpaca.markets:443 "POST /v2/orders HTTP/1.1" 200 793
2023-02-02 23:15:27,247 - DEBUG: https://paper-api.alpaca.markets:443 "GET /v2/positions/TSLA HTTP/1.1" 200 492
2023-02-02 23:15:27,247 - INFO: Position cannot be found, cannot check price, waiting
2023-02-02 23:15:32,495 - DEBUG: https://paper-api.alpaca.markets:443 "GET /v2/positions/TSLA HTTP/1.1" 200 490
2023-02-02 23:15:32,500 - INFO: Position cannot be found, cannot check price, waiting
