2023-01-31 10:22:03,695 - DEBUG: Starting new HTTPS connection (1): paper-api.alpaca.markets:443
2023-01-31 10:22:03,745 - DEBUG: Starting new HTTPS connection (1): paper-api.alpaca.markets:443
2023-01-31 10:22:04,434 - DEBUG: https://paper-api.alpaca.markets:443 "GET /v2/account HTTP/1.1" 200 880
2023-01-31 10:22:04,450 - DEBUG: https://paper-api.alpaca.markets:443 "GET /v2/account HTTP/1.1" 200 880
2023-01-31 10:22:04,667 - DEBUG: https://paper-api.alpaca.markets:443 "GET /v2/orders?limit=100&status=open&nested=True HTTP/1.1" 200 2
2023-01-31 10:22:04,667 - INFO: List of open orders
2023-01-31 10:22:04,667 - INFO: []
2023-01-31 10:22:04,682 - DEBUG: https://paper-api.alpaca.markets:443 "GET /v2/orders?limit=100&status=open&nested=True HTTP/1.1" 200 2
2023-01-31 10:22:04,682 - INFO: List of open orders
2023-01-31 10:22:04,683 - INFO: []
2023-01-31 10:22:04,902 - DEBUG: https://paper-api.alpaca.markets:443 "DELETE /v2/orders HTTP/1.1" 207 2
2023-01-31 10:22:04,903 - INFO: closing orders complete
2023-01-31 10:22:04,912 - DEBUG: https://paper-api.alpaca.markets:443 "DELETE /v2/orders HTTP/1.1" 207 2
2023-01-31 10:22:04,912 - INFO: closing orders complete
2023-01-31 10:22:05,132 - DEBUG: https://paper-api.alpaca.markets:443 "GET /v2/assets/TSLA HTTP/1.1" 200 282
2023-01-31 10:22:05,132 - INFO: Trader initialized with TSLA
2023-01-31 10:22:05,140 - DEBUG: https://paper-api.alpaca.markets:443 "GET /v2/assets/TSLA HTTP/1.1" 200 282
2023-01-31 10:22:05,141 - INFO: Trader initialized with TSLA
2023-01-31 10:22:05,363 - DEBUG: https://paper-api.alpaca.markets:443 "GET /v2/positions/TSLA HTTP/1.1" 404 53
2023-01-31 10:22:05,363 - INFO: Position not found, this is good
2023-01-31 10:22:05,372 - DEBUG: https://paper-api.alpaca.markets:443 "GET /v2/positions/TSLA HTTP/1.1" 404 53
2023-01-31 10:22:05,373 - INFO: Position not found, this is good
